Practicum12/app/build/intermediates/manifest_merge_blame_file/debug/processDebugMainManifest/manifest-merger-blame-debug-report.txt
1<?xml version="1.0" encoding="utf-8"?>
2<manifest xmlns:android="http://schemas.android.com/apk/res/android"
3    package="com.example.practicum12"
4    android:versionCode="1"
5    android:versionName="1.0" >
6
7    <uses-sdk
8        android:minSdkVersion="32"
9        android:targetSdkVersion="34" />
10
11    <uses-permission android:name="android.permission.REORDER_TASKS" />
11-->[androidx.fragment:fragment-testing-manifest:1.8.3] AndroidManifest.xml:23:5-72
11-->[androidx.fragment:fragment-testing-manifest:1.8.3] AndroidManifest.xml:23:22-69
12
13    <permission
13-->[androidx.core:core:1.13.1] AndroidManifest.xml:22:5-24:47
14        android:name="com.example.practicum12.DYNAMIC_RECEIVER_NOT_EXPORTED_PERMISSION"
14-->[androidx.core:core:1.13.1] AndroidManifest.xml:23:9-81
15        android:protectionLevel="signature" />
15-->[androidx.core:core:1.13.1] AndroidManifest.xml:24:9-44
16
17    <uses-permission android:name="com.example.practicum12.DYNAMIC_RECEIVER_NOT_EXPORTED_PERMISSION" />
17-->[androidx.core:core:1.13.1] AndroidManifest.xml:26:5-97
17-->[androidx.core:core:1.13.1] AndroidManifest.xml:26:22-94
18
19    <application
19-->src/main/AndroidManifest.xml:5:5-25:19
20        android:name="com.example.practicum12.TicketApplication"
20-->src/main/AndroidManifest.xml:6:9-42
21        android:allowBackup="true"
21-->src/main/AndroidManifest.xml:7:9-35
22        android:appComponentFactory="androidx.core.app.CoreComponentFactory"
22-->[androidx.core:core:1.13.1] AndroidManifest.xml:28:18-86
23        android:dataExtractionRules="@xml/data_extraction_rules"
23-->src/main/AndroidManifest.xml:8:9-65
24        android:debuggable="true"
25        android:extractNativeLibs="false"
26        android:fullBackupContent="@xml/backup_rules"
26-->src/main/AndroidManifest.xml:9:9-54
27        android:icon="@mipmap/ic_launcher"
27-->src/main/AndroidManifest.xml:10:9-43
28        android:label="@string/app_name"
28-->src/main/AndroidManifest.xml:11:9-41
29        android:roundIcon="@mipmap/ic_launcher_round"
29-->src/main/AndroidManifest.xml:12:9-54
30        android:supportsRtl="true"
30-->src/main/AndroidManifest.xml:13:9-35
31        android:testOnly="true"
32        android:theme="@style/Theme.Practicum12" >
32-->src/main/AndroidManifest.xml:14:9-49
33        <activity
33-->src/main/AndroidManifest.xml:16:9-24:20
34            android:name="com.example.practicum12.MainActivity"
34-->src/main/AndroidManifest.xml:17:13-41
35            android:exported="true" >
35-->src/main/AndroidManifest.xml:18:13-36
36            <intent-filter>
36-->src/main/AndroidManifest.xml:19:13-23:29
37                <action android:name="android.intent.action.MAIN" />
37-->src/main/AndroidManifest.xml:20:17-69
37-->src/main/AndroidManifest.xml:20:25-66
38
39                <category android:name="android.intent.category.LAUNCHER" />
39-->src/main/AndroidManifest.xml:22:17-77
39-->src/main/AndroidManifest.xml:22:27-74
40            </intent-filter>
41        </activity>
42        <activity
42-->[androidx.fragment:fragment-testing-manifest:1.8.3] AndroidManifest.xml:26:9-35:20
43            android:name="androidx.fragment.app.testing.EmptyFragmentActivity"
43-->[androidx.fragment:fragment-testing-manifest:1.8.3] AndroidManifest.xml:27:13-79
44            android:exported="true"
44-->[androidx.fragment:fragment-testing-manifest:1.8.3] AndroidManifest.xml:28:13-36
45            android:multiprocess="true"
45-->[androidx.fragment:fragment-testing-manifest:1.8.3] AndroidManifest.xml:29:13-40
46            android:taskAffinity=""
46-->[androidx.fragment:fragment-testing-manifest:1.8.3] AndroidManifest.xml:30:13-36
47            android:theme="@style/FragmentScenarioEmptyFragmentActivityTheme" >
47-->[androidx.fragment:fragment-testing-manifest:1.8.3] AndroidManifest.xml:31:13-78
48            <intent-filter>
48-->[androidx.fragment:fragment-testing-manifest:1.8.3] AndroidManifest.xml:32:13-34:29
49                <action android:name="android.intent.action.MAIN" />
49-->src/main/AndroidManifest.xml:20:17-69
49-->src/main/AndroidManifest.xml:20:25-66
50            </intent-filter>
51        </activity>
52
53        <provider
53-->[androidx.emoji2:emoji2:1.3.0] AndroidManifest.xml:24:9-32:20
54            android:name="androidx.startup.InitializationProvider"
54-->[androidx.emoji2:emoji2:1.3.0] AndroidManifest.xml:25:13-67
55            android:authorities="com.example.practicum12.androidx-startup"
55-->[androidx.emoji2:emoji2:1.3.0] AndroidManifest.xml:26:13-68
56            android:exported="false" >
56-->[androidx.emoji2:emoji2:1.3.0] AndroidManifest.xml:27:13-37
57            <meta-data
57-->[androidx.emoji2:emoji2:1.3.0] AndroidManifest.xml:29:13-31:52
58                android:name="androidx.emoji2.text.EmojiCompatInitializer"
58-->[androidx.emoji2:emoji2:1.3.0] AndroidManifest.xml:30:17-75
59                android:value="androidx.startup" />
59-->[androidx.emoji2:emoji2:1.3.0] AndroidManifest.xml:31:17-49
60            <meta-data
60-->[androidx.lifecycle:lifecycle-process:2.8.6] AndroidManifest.xml:29:13-31:52
61                android:name="androidx.lifecycle.ProcessLifecycleInitializer"
61-->[androidx.lifecycle:lifecycle-process:2.8.6] AndroidManifest.xml:30:17-78
62                android:value="androidx.startup" />
62-->[androidx.lifecycle:lifecycle-process:2.8.6] AndroidManifest.xml:31:17-49
63            <meta-data
63-->[androidx.profileinstaller:profileinstaller:1.3.1] AndroidManifest.xml:29:13-31:52
64                android:name="androidx.profileinstaller.ProfileInstallerInitializer"
64-->[androidx.profileinstaller:profileinstaller:1.3.1] AndroidManifest.xml:30:17-85
65                android:value="androidx.startup" />
65-->[androidx.profileinstaller:profileinstaller:1.3.1] AndroidManifest.xml:31:17-49
66        </provider>
67
68        <uses-library
68-->[androidx.window:window:1.0.0] AndroidManifest.xml:25:9-27:40
69            android:name="androidx.window.extensions"
69-->[androidx.window:window:1.0.0] AndroidManifest.xml:26:13-54
70            android:required="false" />
70-->[androidx.window:window:1.0.0] AndroidManifest.xml:27:13-37
71        <uses-library
71-->[androidx.window:window:1.0.0] AndroidManifest.xml:28:9-30:40
72            android:name="androidx.window.sidecar"
72-->[androidx.window:window:1.0.0] AndroidManifest.xml:29:13-51
73            android:required="false" />
73-->[androidx.window:window:1.0.0] AndroidManifest.xml:30:13-37
74
75        <activity
75-->[androidx.test:core:1.5.0] AndroidManifest.xml:27:9-34:20
76            android:name="androidx.test.core.app.InstrumentationActivityInvoker$BootstrapActivity"
76-->[androidx.test:core:1.5.0] AndroidManifest.xml:28:13-99
77            android:exported="true"
77-->[androidx.test:core:1.5.0] AndroidManifest.xml:29:13-36
78            android:theme="@style/WhiteBackgroundTheme" >
78-->[androidx.test:core:1.5.0] AndroidManifest.xml:30:13-56
79            <intent-filter android:priority="-100" >
79-->[androidx.test:core:1.5.0] AndroidManifest.xml:31:13-33:29
79-->[androidx.test:core:1.5.0] AndroidManifest.xml:31:28-51
80                <category android:name="android.intent.category.LAUNCHER" />
80-->src/main/AndroidManifest.xml:22:17-77
80-->src/main/AndroidManifest.xml:22:27-74
81            </intent-filter>
82        </activity>
83        <activity
83-->[androidx.test:core:1.5.0] AndroidManifest.xml:35:9-42:20
84            android:name="androidx.test.core.app.InstrumentationActivityInvoker$EmptyActivity"
84-->[androidx.test:core:1.5.0] AndroidManifest.xml:36:13-95
85            android:exported="true"
85-->[androidx.test:core:1.5.0] AndroidManifest.xml:37:13-36
86            android:theme="@style/WhiteBackgroundTheme" >
86-->[androidx.test:core:1.5.0] AndroidManifest.xml:38:13-56
87            <intent-filter android:priority="-100" >
87-->[androidx.test:core:1.5.0] AndroidManifest.xml:31:13-33:29
87-->[androidx.test:core:1.5.0] AndroidManifest.xml:31:28-51
88                <category android:name="android.intent.category.LAUNCHER" />
88-->src/main/AndroidManifest.xml:22:17-77
88-->src/main/AndroidManifest.xml:22:27-74
89            </intent-filter>
90        </activity>
91        <activity
91-->[androidx.test:core:1.5.0] AndroidManifest.xml:43:9-50:20
92            android:name="androidx.test.core.app.InstrumentationActivityInvoker$EmptyFloatingActivity"
92-->[androidx.test:core:1.5.0] AndroidManifest.xml:44:13-103
93            android:exported="true"
93-->[androidx.test:core:1.5.0] AndroidManifest.xml:45:13-36
94            android:theme="@style/WhiteBackgroundDialogTheme" >
94-->[androidx.test:core:1.5.0] AndroidManifest.xml:46:13-62
95            <intent-filter android:priority="-100" >
95-->[androidx.test:core:1.5.0] AndroidManifest.xml:31:13-33:29
95-->[androidx.test:core:1.5.0] AndroidManifest.xml:31:28-51
96                <category android:name="android.intent.category.LAUNCHER" />
96-->src/main/AndroidManifest.xml:22:17-77
96-->src/main/AndroidManifest.xml:22:27-74
97            </intent-filter>
98        </activity>
99
100        <service
100-->[androidx.room:room-runtime:2.4.1] AndroidManifest.xml:25:9-28:40
101            android:name="androidx.room.MultiInstanceInvalidationService"
101-->[androidx.room:room-runtime:2.4.1] AndroidManifest.xml:26:13-74
102            android:directBootAware="true"
102-->[androidx.room:room-runtime:2.4.1] AndroidManifest.xml:27:13-43
103            android:exported="false" />
103-->[androidx.room:room-runtime:2.4.1] AndroidManifest.xml:28:13-37
104
105        <receiver
105-->[androidx.profileinstaller:profileinstaller:1.3.1] AndroidManifest.xml:34:9-52:20
106            android:name="androidx.profileinstaller.ProfileInstallReceiver"
106-->[androidx.profileinstaller:profileinstaller:1.3.1] AndroidManifest.xml:35:13-76
107            android:directBootAware="false"
107-->[androidx.profileinstaller:profileinstaller:1.3.1] AndroidManifest.xml:36:13-44
108            android:enabled="true"
108-->[androidx.profileinstaller:profileinstaller:1.3.1] AndroidManifest.xml:37:13-35
109            android:exported="true"
109-->[androidx.profileinstaller:profileinstaller:1.3.1] AndroidManifest.xml:38:13-36
110            android:permission="android.permission.DUMP" >
110-->[androidx.profileinstaller:profileinstaller:1.3.1] AndroidManifest.xml:39:13-57
111            <intent-filter>
111-->[androidx.profileinstaller:profileinstaller:1.3.1] AndroidManifest.xml:40:13-42:29
112                <action android:name="androidx.profileinstaller.action.INSTALL_PROFILE" />
112-->[androidx.profileinstaller:profileinstaller:1.3.1] AndroidManifest.xml:41:17-91
112-->[androidx.profileinstaller:profileinstaller:1.3.1] AndroidManifest.xml:41:25-88
113            </intent-filter>
114            <intent-filter>
114-->[androidx.profileinstaller:profileinstaller:1.3.1] AndroidManifest.xml:43:13-45:29
115                <action android:name="androidx.profileinstaller.action.SKIP_FILE" />
115-->[androidx.profileinstaller:profileinstaller:1.3.1] AndroidManifest.xml:44:17-85
115-->[androidx.profileinstaller:profileinstaller:1.3.1] AndroidManifest.xml:44:25-82
116            </intent-filter>
117            <intent-filter>
117-->[androidx.profileinstaller:profileinstaller:1.3.1] AndroidManifest.xml:46:13-48:29
118                <action android:name="androidx.profileinstaller.action.SAVE_PROFILE" />
118-->[androidx.profileinstaller:profileinstaller:1.3.1] AndroidManifest.xml:47:17-88
118-->[androidx.profileinstaller:profileinstaller:1.3.1] AndroidManifest.xml:47:25-85
119            </intent-filter>
120            <intent-filter>
120-->[androidx.profileinstaller:profileinstaller:1.3.1] AndroidManifest.xml:49:13-51:29
121                <action android:name="androidx.profileinstaller.action.BENCHMARK_OPERATION" />
121-->[androidx.profileinstaller:profileinstaller:1.3.1] AndroidManifest.xml:50:17-95
121-->[androidx.profileinstaller:profileinstaller:1.3.1] AndroidManifest.xml:50:25-92
122            </intent-filter>
123        </receiver>
124    </application>
125
126</manifest>